21:24:18.384 [main] === Redstone logger started ===
21:24:18.384 [main] RedstoneManager created, world=com.voxel.World@741a8937 chunkManager=com.voxel.world.ChunkManager@306e95ec
21:24:18.384 [main] DIMENSION SWITCH: created new RedstoneManager for aether (was overworld)
21:24:18.387 [LogicThread] setPlayerPosition (1080,64,1236) player moved
21:24:18.588 [LogicThread] setPlayerPosition (8646,96,9893) player moved
21:24:22.431 [LogicThread] setPlayerPosition (8646,95,9893) player moved
21:24:22.482 [REPEATED x2]
21:24:22.482 [LogicThread] setPlayerPosition (8646,94,9893) player moved
21:24:22.532 [REPEATED x2]
21:24:22.532 [LogicThread] setPlayerPosition (8646,93,9893) player moved
21:24:22.565 [REPEATED x1]
21:24:22.565 [LogicThread] setPlayerPosition (8646,92,9893) player moved
21:24:22.582 [LogicThread] setPlayerPosition (8646,91,9893) player moved
21:24:22.615 [REPEATED x1]
21:24:22.615 [LogicThread] setPlayerPosition (8646,90,9893) player moved
21:24:22.632 [LogicThread] setPlayerPosition (8646,89,9893) player moved
21:24:22.648 [LogicThread] setPlayerPosition (8646,88,9893) player moved
21:24:22.665 [LogicThread] setPlayerPosition (8646,87,9893) player moved
21:24:22.682 [LogicThread] setPlayerPosition (8646,86,9893) player moved
21:24:22.699 [LogicThread] setPlayerPosition (8646,85,9893) player moved
21:24:22.716 [LogicThread] setPlayerPosition (8646,84,9893) player moved
21:24:22.732 [LogicThread] setPlayerPosition (8646,83,9893) player moved
21:24:22.749 [LogicThread] setPlayerPosition (8646,82,9893) player moved
21:24:22.765 [LogicThread] setPlayerPosition (8646,81,9893) player moved
21:24:22.799 [REPEATED x1]
21:24:22.799 [LogicThread] setPlayerPosition (8646,80,9893) player moved
21:24:22.816 [LogicThread] setPlayerPosition (8646,79,9893) player moved
21:24:22.833 [LogicThread] setPlayerPosition (8646,78,9893) player moved
21:24:22.849 [LogicThread] setPlayerPosition (8646,77,9893) player moved
21:24:22.866 [LogicThread] setPlayerPosition (8646,76,9893) player moved
21:24:22.899 [REPEATED x1]
21:24:22.899 [LogicThread] setPlayerPosition (8646,75,9893) player moved
21:24:22.915 [LogicThread] setPlayerPosition (8646,74,9893) player moved
21:24:22.949 [REPEATED x1]
21:24:22.949 [LogicThread] setPlayerPosition (8646,73,9893) player moved
21:24:22.966 [LogicThread] setPlayerPosition (8646,72,9893) player moved
21:24:22.999 [REPEATED x1]
21:24:22.999 [LogicThread] setPlayerPosition (8646,71,9893) player moved
21:24:23.032 [REPEATED x1]
21:24:23.032 [LogicThread] setPlayerPosition (8646,70,9893) player moved
21:24:23.066 [REPEATED x1]
21:24:23.066 [LogicThread] setPlayerPosition (8646,69,9893) player moved
21:24:23.099 [REPEATED x1]
21:24:23.099 [LogicThread] setPlayerPosition (8646,68,9893) player moved
21:24:23.150 [REPEATED x2]
21:24:23.150 [LogicThread] setPlayerPosition (8646,67,9893) player moved
21:24:23.183 [REPEATED x1]
21:24:23.183 [LogicThread] setPlayerPosition (8646,66,9893) player moved
21:24:23.232 [REPEATED x2]
21:24:23.232 [LogicThread] setPlayerPosition (8646,65,9893) player moved
21:24:23.300 [REPEATED x3]
21:24:23.300 [LogicThread] setPlayerPosition (8646,64,9893) player moved
21:24:23.350 [REPEATED x2]
21:24:23.350 [LogicThread] setPlayerPosition (8646,63,9893) player moved
21:24:23.433 [REPEATED x4]
21:24:23.433 [LogicThread] setPlayerPosition (8646,62,9893) player moved
21:24:23.517 [REPEATED x4]
21:24:23.517 [LogicThread] setPlayerPosition (8646,61,9893) player moved
21:24:23.634 [REPEATED x6]
21:24:23.634 [LogicThread] setPlayerPosition (8646,60,9893) player moved
21:24:23.917 [REPEATED x6]
21:24:23.917 [LogicThread] setPlayerPosition (8646,59,9893) player moved
21:24:23.951 [REPEATED x1]
21:24:23.951 [LogicThread] setPlayerPosition (8646,59,9894) player moved
21:24:24.001 [REPEATED x2]
21:24:24.001 [LogicThread] setPlayerPosition (8646,58,9895) player moved
21:24:24.035 [REPEATED x1]
21:24:24.035 [LogicThread] setPlayerPosition (8646,58,9896) player moved
21:24:24.051 [LogicThread] setPlayerPosition (8646,58,9897) player moved
21:24:24.085 [REPEATED x1]
21:24:24.085 [LogicThread] setPlayerPosition (8646,58,9898) player moved
21:24:24.101 [LogicThread] setPlayerPosition (8646,58,9899) player moved
21:24:24.135 [REPEATED x1]
21:24:24.135 [LogicThread] setPlayerPosition (8646,58,9900) player moved
21:24:24.151 [LogicThread] setPlayerPosition (8646,58,9901) player moved
21:24:24.168 [LogicThread] setPlayerPosition (8646,58,9902) player moved
21:24:24.184 [LogicThread] setPlayerPosition (8646,57,9902) player moved
21:24:24.201 [LogicThread] setPlayerPosition (8646,57,9903) player moved
21:24:24.218 [LogicThread] setPlayerPosition (8646,57,9904) player moved
21:24:24.251 [REPEATED x1]
21:24:24.251 [LogicThread] setPlayerPosition (8646,57,9905) player moved
21:24:24.285 [REPEATED x1]
21:24:24.285 [LogicThread] setPlayerPosition (8646,57,9906) player moved
21:24:24.318 [REPEATED x1]
21:24:24.318 [LogicThread] setPlayerPosition (8646,57,9907) player moved
21:24:24.351 [REPEATED x1]
21:24:24.351 [LogicThread] setPlayerPosition (8646,57,9908) player moved
21:24:24.385 [REPEATED x1]
21:24:24.385 [LogicThread] setPlayerPosition (8646,57,9909) player moved
21:24:24.418 [REPEATED x1]
21:24:24.418 [LogicThread] setPlayerPosition (8646,57,9910) player moved
21:24:24.468 [REPEATED x2]
21:24:24.468 [LogicThread] setPlayerPosition (8646,57,9911) player moved
21:24:24.484 [LogicThread] setPlayerPosition (8645,56,9911) player moved
21:24:24.518 [REPEATED x1]
21:24:24.518 [LogicThread] setPlayerPosition (8645,56,9912) player moved
21:24:24.568 [REPEATED x2]
21:24:24.568 [LogicThread] setPlayerPosition (8645,56,9913) player moved
21:24:24.635 [REPEATED x3]
21:24:24.635 [LogicThread] setPlayerPosition (8645,56,9914) player moved
21:24:24.702 [REPEATED x3]
21:24:24.702 [LogicThread] setPlayerPosition (8645,56,9915) player moved
21:24:24.802 [REPEATED x5]
21:24:24.802 [LogicThread] setPlayerPosition (8645,56,9916) player moved
21:24:24.919 [REPEATED x6]
21:24:24.919 [LogicThread] setPlayerPosition (8645,56,9917) player moved
21:24:24.985 [REPEATED x3]
21:24:24.985 [LogicThread] setPlayerPosition (8645,57,9917) player moved
21:24:25.019 [REPEATED x1]
21:24:25.019 [LogicThread] setPlayerPosition (8645,58,9917) player moved
21:24:25.053 [REPEATED x1]
21:24:25.053 [LogicThread] setPlayerPosition (8645,59,9917) player moved
21:24:25.069 [LogicThread] setPlayerPosition (8645,59,9918) player moved
21:24:25.086 [LogicThread] setPlayerPosition (8645,60,9918) player moved
21:24:25.103 [LogicThread] setPlayerPosition (8645,61,9918) player moved
21:24:25.136 [REPEATED x1]
21:24:25.136 [LogicThread] setPlayerPosition (8645,62,9918) player moved
21:24:25.169 [REPEATED x1]
21:24:25.169 [LogicThread] setPlayerPosition (8645,63,9918) player moved
21:24:25.203 [REPEATED x1]
21:24:25.203 [LogicThread] setPlayerPosition (8645,64,9918) player moved
21:24:25.236 [REPEATED x1]
21:24:25.236 [LogicThread] setPlayerPosition (8645,65,9918) player moved
21:24:25.270 [REPEATED x1]
21:24:25.270 [LogicThread] setPlayerPosition (8645,66,9918) player moved
21:24:25.319 [REPEATED x2]
21:24:25.319 [LogicThread] setPlayerPosition (8645,67,9919) player moved
21:24:25.353 [REPEATED x1]
21:24:25.353 [LogicThread] setPlayerPosition (8645,68,9919) player moved
21:24:25.403 [REPEATED x2]
21:24:25.403 [LogicThread] setPlayerPosition (8645,69,9919) player moved
21:24:25.469 [REPEATED x3]
21:24:25.469 [LogicThread] setPlayerPosition (8645,70,9919) player moved
21:24:25.535 [REPEATED x3]
21:24:25.535 [LogicThread] setPlayerPosition (8645,71,9919) player moved
21:24:25.603 [REPEATED x3]
21:24:25.603 [LogicThread] setPlayerPosition (8645,72,9919) player moved
21:24:25.703 [REPEATED x5]
21:24:25.703 [LogicThread] setPlayerPosition (8645,73,9919) player moved
21:24:25.836 [REPEATED x7]
21:24:25.836 [LogicThread] setPlayerPosition (8645,74,9919) player moved
21:24:27.273 [REPEATED x3]
21:24:27.273 [LogicThread] setPlayerPosition (8645,77,9920) player moved
21:24:27.323 [REPEATED x2]
21:24:27.323 [LogicThread] setPlayerPosition (8645,78,9920) player moved
21:24:27.373 [REPEATED x2]
21:24:27.373 [LogicThread] setPlayerPosition (8645,79,9920) player moved
21:24:27.407 [REPEATED x1]
21:24:27.407 [LogicThread] setPlayerPosition (8645,80,9920) player moved
21:24:27.424 [LogicThread] setPlayerPosition (8645,81,9920) player moved
21:24:27.457 [REPEATED x1]
21:24:27.457 [LogicThread] setPlayerPosition (8645,82,9920) player moved
21:24:27.474 [LogicThread] setPlayerPosition (8645,83,9920) player moved
21:24:27.507 [REPEATED x1]
21:24:27.507 [LogicThread] setPlayerPosition (8645,84,9920) player moved
21:24:27.541 [REPEATED x1]
21:24:27.541 [LogicThread] setPlayerPosition (8645,85,9920) player moved
21:24:27.574 [REPEATED x1]
21:24:27.574 [LogicThread] setPlayerPosition (8645,86,9920) player moved
21:24:27.607 [REPEATED x1]
21:24:27.607 [LogicThread] setPlayerPosition (8645,87,9920) player moved
21:24:27.658 [REPEATED x2]
21:24:27.658 [LogicThread] setPlayerPosition (8645,88,9920) player moved
21:24:27.692 [REPEATED x1]
21:24:27.692 [LogicThread] setPlayerPosition (8645,89,9920) player moved
21:24:27.742 [REPEATED x2]
21:24:27.742 [LogicThread] setPlayerPosition (8645,90,9920) player moved
21:24:27.809 [REPEATED x3]
21:24:27.809 [LogicThread] setPlayerPosition (8645,91,9920) player moved
21:24:27.859 [REPEATED x2]
21:24:27.859 [LogicThread] setPlayerPosition (8645,92,9920) player moved
21:24:27.893 [REPEATED x1]
21:24:27.893 [LogicThread] setPlayerPosition (8645,93,9920) player moved
21:24:27.909 [LogicThread] setPlayerPosition (8645,94,9920) player moved
21:24:27.942 [REPEATED x1]
21:24:27.942 [LogicThread] setPlayerPosition (8645,95,9920) player moved
21:24:27.959 [LogicThread] setPlayerPosition (8645,96,9920) player moved
21:24:27.993 [REPEATED x1]
21:24:27.993 [LogicThread] setPlayerPosition (8645,97,9920) player moved
21:24:28.009 [LogicThread] setPlayerPosition (8645,98,9920) player moved
21:24:28.025 [LogicThread] setPlayerPosition (8645,99,9920) player moved
21:24:28.042 [LogicThread] setPlayerPosition (8645,100,9920) player moved
21:24:28.059 [LogicThread] setPlayerPosition (8645,101,9920) player moved
21:24:28.076 [LogicThread] setPlayerPosition (8645,102,9920) player moved
21:24:28.092 [LogicThread] setPlayerPosition (8645,103,9920) player moved
21:24:28.109 [LogicThread] setPlayerPosition (8645,104,9920) player moved
21:24:28.126 [LogicThread] setPlayerPosition (8645,105,9920) player moved
21:24:28.160 [REPEATED x1]
21:24:28.160 [LogicThread] setPlayerPosition (8645,106,9920) player moved
21:24:28.176 [LogicThread] setPlayerPosition (8645,107,9920) player moved
21:24:28.193 [LogicThread] setPlayerPosition (8645,108,9920) player moved
21:24:28.226 [REPEATED x1]
21:24:28.226 [LogicThread] setPlayerPosition (8645,109,9920) player moved
21:24:28.242 [LogicThread] setPlayerPosition (8645,110,9920) player moved
21:24:28.276 [REPEATED x1]
21:24:28.276 [LogicThread] setPlayerPosition (8645,111,9920) player moved
21:24:28.293 [LogicThread] setPlayerPosition (8645,112,9920) player moved
21:24:28.326 [REPEATED x1]
21:24:28.326 [LogicThread] setPlayerPosition (8645,113,9920) player moved
21:24:28.360 [REPEATED x1]
21:24:28.360 [LogicThread] setPlayerPosition (8645,114,9920) player moved
21:24:28.393 [REPEATED x1]
21:24:28.393 [LogicThread] setPlayerPosition (8645,115,9920) player moved
21:24:28.426 [REPEATED x1]
21:24:28.426 [LogicThread] setPlayerPosition (8645,116,9920) player moved
21:24:28.443 [LogicThread] setPlayerPosition (8645,117,9920) player moved
21:24:28.476 [REPEATED x1]
21:24:28.476 [LogicThread] setPlayerPosition (8645,118,9920) player moved
21:24:28.493 [LogicThread] setPlayerPosition (8645,119,9920) player moved
21:24:28.510 [LogicThread] setPlayerPosition (8645,120,9920) player moved
21:24:28.526 [LogicThread] setPlayerPosition (8645,121,9920) player moved
21:24:28.543 [LogicThread] setPlayerPosition (8645,122,9920) player moved
21:24:28.560 [LogicThread] setPlayerPosition (8645,123,9920) player moved
21:24:28.577 [LogicThread] setPlayerPosition (8645,124,9920) player moved
21:24:28.594 [LogicThread] setPlayerPosition (8645,125,9920) player moved
21:24:28.610 [LogicThread] setPlayerPosition (8645,126,9920) player moved
21:24:28.627 [LogicThread] setPlayerPosition (8645,127,9920) player moved
21:24:28.643 [LogicThread] setPlayerPosition (8645,128,9920) player moved
21:24:28.677 [REPEATED x1]
21:24:28.677 [LogicThread] setPlayerPosition (8645,129,9920) player moved
21:24:28.694 [LogicThread] setPlayerPosition (8645,130,9920) player moved
21:24:28.710 [LogicThread] setPlayerPosition (8645,131,9920) player moved
21:24:28.727 [LogicThread] setPlayerPosition (8645,132,9920) player moved
21:24:28.760 [REPEATED x1]
21:24:28.760 [LogicThread] setPlayerPosition (8645,133,9920) player moved
21:24:28.777 [LogicThread] setPlayerPosition (8645,134,9920) player moved
21:24:28.794 [LogicThread] setPlayerPosition (8645,135,9920) player moved
21:24:28.827 [REPEATED x1]
21:24:28.827 [LogicThread] setPlayerPosition (8645,136,9920) player moved
21:24:28.860 [REPEATED x1]
21:24:28.860 [LogicThread] setPlayerPosition (8645,137,9920) player moved
21:24:28.894 [REPEATED x1]
21:24:28.894 [LogicThread] setPlayerPosition (8645,138,9920) player moved
21:24:28.926 [REPEATED x1]
21:24:28.926 [LogicThread] setPlayerPosition (8645,139,9920) player moved
21:24:28.943 [LogicThread] setPlayerPosition (8645,140,9920) player moved
21:24:28.977 [REPEATED x1]
21:24:28.977 [LogicThread] setPlayerPosition (8645,141,9920) player moved
21:24:29.011 [REPEATED x1]
21:24:29.011 [LogicThread] setPlayerPosition (8645,142,9920) player moved
21:24:29.027 [LogicThread] setPlayerPosition (8645,143,9920) player moved
21:24:29.044 [LogicThread] setPlayerPosition (8645,144,9920) player moved
21:24:29.061 [LogicThread] setPlayerPosition (8645,145,9920) player moved
21:24:29.078 [LogicThread] setPlayerPosition (8645,146,9920) player moved
21:24:29.111 [REPEATED x1]
21:24:29.111 [LogicThread] setPlayerPosition (8645,147,9920) player moved
21:24:29.128 [LogicThread] setPlayerPosition (8645,148,9920) player moved
21:24:29.145 [LogicThread] setPlayerPosition (8645,150,9920) player moved
21:24:29.161 [LogicThread] setPlayerPosition (8645,151,9920) player moved
21:24:29.177 [LogicThread] setPlayerPosition (8645,152,9920) player moved
21:24:29.211 [REPEATED x1]
21:24:29.211 [LogicThread] setPlayerPosition (8645,153,9920) player moved
21:24:29.228 [LogicThread] setPlayerPosition (8645,154,9920) player moved
21:24:29.245 [LogicThread] setPlayerPosition (8645,155,9920) player moved
21:24:29.261 [LogicThread] setPlayerPosition (8645,156,9920) player moved
21:24:29.278 [LogicThread] setPlayerPosition (8645,157,9920) player moved
21:24:29.311 [REPEATED x1]
21:24:29.311 [LogicThread] setPlayerPosition (8645,158,9920) player moved
21:24:29.328 [LogicThread] setPlayerPosition (8645,159,9920) player moved
21:24:29.361 [REPEATED x1]
21:24:29.361 [LogicThread] setPlayerPosition (8645,160,9920) player moved
21:24:29.378 [LogicThread] setPlayerPosition (8645,161,9920) player moved
21:24:29.412 [REPEATED x1]
21:24:29.412 [LogicThread] setPlayerPosition (8645,162,9920) player moved
21:24:29.444 [REPEATED x1]
21:24:29.444 [LogicThread] setPlayerPosition (8645,163,9920) player moved
21:24:29.478 [REPEATED x1]
21:24:29.478 [LogicThread] setPlayerPosition (8645,164,9920) player moved
21:24:29.512 [REPEATED x1]
21:24:29.512 [LogicThread] setPlayerPosition (8645,165,9920) player moved
21:24:29.545 [REPEATED x1]
21:24:29.545 [LogicThread] setPlayerPosition (8645,166,9920) player moved
21:24:29.578 [REPEATED x1]
21:24:29.578 [LogicThread] setPlayerPosition (8645,167,9920) player moved
21:24:29.595 [LogicThread] setPlayerPosition (8645,168,9920) player moved
21:24:29.612 [LogicThread] setPlayerPosition (8645,169,9920) player moved
21:24:29.645 [REPEATED x1]
21:24:29.645 [LogicThread] setPlayerPosition (8645,170,9920) player moved
21:24:29.661 [LogicThread] setPlayerPosition (8645,171,9920) player moved
21:24:29.678 [LogicThread] setPlayerPosition (8645,172,9920) player moved
21:24:29.695 [LogicThread] setPlayerPosition (8645,173,9920) player moved
21:24:29.712 [LogicThread] setPlayerPosition (8645,174,9920) player moved
21:24:29.728 [LogicThread] setPlayerPosition (8645,175,9920) player moved
21:24:29.744 [LogicThread] setPlayerPosition (8645,176,9920) player moved
21:24:29.778 [REPEATED x1]
21:24:29.778 [LogicThread] setPlayerPosition (8645,177,9920) player moved
21:24:29.795 [LogicThread] setPlayerPosition (8645,178,9920) player moved
21:24:29.812 [LogicThread] setPlayerPosition (8645,179,9920) player moved
21:24:29.845 [REPEATED x1]
21:24:29.845 [LogicThread] setPlayerPosition (8645,180,9920) player moved
21:24:29.862 [LogicThread] setPlayerPosition (8645,181,9920) player moved
21:24:29.895 [REPEATED x1]
21:24:29.895 [LogicThread] setPlayerPosition (8645,182,9920) player moved
21:24:29.912 [LogicThread] setPlayerPosition (8645,183,9920) player moved
21:24:29.945 [REPEATED x1]
21:24:29.945 [LogicThread] setPlayerPosition (8645,184,9920) player moved
21:24:29.978 [REPEATED x1]
21:24:29.979 [LogicThread] setPlayerPosition (8645,185,9920) player moved
21:24:30.012 [REPEATED x1]
21:24:30.012 [LogicThread] setPlayerPosition (8645,186,9920) player moved
21:24:30.062 [REPEATED x2]
21:24:30.062 [LogicThread] setPlayerPosition (8645,187,9920) player moved
21:24:30.095 [REPEATED x1]
21:24:30.095 [LogicThread] setPlayerPosition (8645,188,9920) player moved
21:24:30.129 [REPEATED x1]
21:24:30.129 [LogicThread] setPlayerPosition (8645,189,9920) player moved
21:24:30.162 [REPEATED x1]
21:24:30.162 [LogicThread] setPlayerPosition (8645,190,9920) player moved
21:24:30.195 [REPEATED x1]
21:24:30.195 [LogicThread] setPlayerPosition (8645,191,9920) player moved
21:24:30.212 [LogicThread] setPlayerPosition (8645,192,9920) player moved
21:24:30.229 [LogicThread] setPlayerPosition (8645,193,9920) player moved
21:24:30.262 [REPEATED x1]
21:24:30.262 [LogicThread] setPlayerPosition (8645,194,9920) player moved
21:24:30.279 [LogicThread] setPlayerPosition (8645,195,9920) player moved
21:24:30.296 [LogicThread] setPlayerPosition (8645,196,9920) player moved
21:24:30.312 [LogicThread] setPlayerPosition (8645,197,9920) player moved
21:24:30.329 [LogicThread] setPlayerPosition (8645,198,9920) player moved
21:24:30.346 [LogicThread] setPlayerPosition (8645,199,9920) player moved
21:24:30.378 [REPEATED x1]
21:24:30.378 [LogicThread] setPlayerPosition (8645,200,9920) player moved
21:24:30.395 [LogicThread] setPlayerPosition (8645,201,9920) player moved
21:24:30.429 [REPEATED x1]
21:24:30.429 [LogicThread] setPlayerPosition (8645,202,9920) player moved
21:24:30.446 [LogicThread] setPlayerPosition (8645,203,9920) player moved
21:24:30.479 [REPEATED x1]
21:24:30.479 [LogicThread] setPlayerPosition (8645,204,9920) player moved
21:24:30.512 [REPEATED x1]
21:24:30.512 [LogicThread] setPlayerPosition (8645,205,9920) player moved
21:24:30.545 [REPEATED x1]
21:24:30.545 [LogicThread] setPlayerPosition (8645,206,9920) player moved
21:24:30.579 [REPEATED x1]
21:24:30.579 [LogicThread] setPlayerPosition (8645,207,9920) player moved
21:24:30.612 [REPEATED x1]
21:24:30.612 [LogicThread] setPlayerPosition (8645,208,9920) player moved
21:24:30.663 [REPEATED x2]
21:24:30.663 [LogicThread] setPlayerPosition (8645,209,9920) player moved
21:24:30.696 [REPEATED x1]
21:24:30.696 [LogicThread] setPlayerPosition (8645,210,9920) player moved
21:24:30.746 [REPEATED x2]
21:24:30.746 [LogicThread] setPlayerPosition (8645,211,9920) player moved
21:24:30.813 [REPEATED x3]
21:24:30.813 [LogicThread] setPlayerPosition (8645,212,9920) player moved
21:24:30.880 [REPEATED x3]
21:24:30.880 [LogicThread] setPlayerPosition (8645,213,9920) player moved
21:24:30.963 [REPEATED x4]
21:24:30.963 [LogicThread] setPlayerPosition (8645,214,9920) player moved
21:24:31.063 [REPEATED x5]
21:24:31.063 [LogicThread] setPlayerPosition (8645,215,9920) player moved
21:24:31.181 [REPEATED x6]
21:24:31.181 [LogicThread] setPlayerPosition (8645,216,9920) player moved
21:24:40.619 [REPEATED x3]
21:24:40.619 [LogicThread] setPlayerPosition (8645,219,9920) player moved
21:24:40.636 [LogicThread] setPlayerPosition (8645,219,9919) player moved
21:24:40.686 [REPEATED x2]
21:24:40.686 [LogicThread] setPlayerPosition (8645,220,9918) player moved
21:24:40.720 [REPEATED x1]
21:24:40.720 [LogicThread] setPlayerPosition (8645,221,9917) player moved
21:24:40.753 [REPEATED x1]
21:24:40.753 [LogicThread] setPlayerPosition (8645,222,9916) player moved
21:24:40.787 [REPEATED x1]
21:24:40.787 [LogicThread] setPlayerPosition (8645,223,9915) player moved
21:24:40.804 [LogicThread] setPlayerPosition (8644,224,9914) player moved
21:24:40.821 [LogicThread] setPlayerPosition (8644,225,9913) player moved
21:24:40.853 [REPEATED x1]
21:24:40.853 [LogicThread] setPlayerPosition (8644,226,9912) player moved
21:24:40.871 [LogicThread] setPlayerPosition (8644,227,9911) player moved
21:24:40.887 [LogicThread] setPlayerPosition (8644,228,9910) player moved
21:24:40.904 [LogicThread] setPlayerPosition (8644,229,9909) player moved
21:24:40.921 [LogicThread] setPlayerPosition (8644,230,9908) player moved
21:24:40.937 [LogicThread] setPlayerPosition (8644,231,9907) player moved
21:24:40.954 [LogicThread] setPlayerPosition (8644,232,9906) player moved
21:24:40.970 [LogicThread] setPlayerPosition (8643,233,9905) player moved
21:24:40.987 [LogicThread] setPlayerPosition (8643,234,9903) player moved
21:24:41.004 [LogicThread] setPlayerPosition (8643,235,9902) player moved
21:24:41.021 [LogicThread] setPlayerPosition (8643,236,9901) player moved
21:24:41.037 [LogicThread] setPlayerPosition (8643,238,9900) player moved
21:24:41.053 [LogicThread] setPlayerPosition (8643,239,9899) player moved
21:24:41.071 [LogicThread] setPlayerPosition (8643,240,9897) player moved
21:24:41.087 [LogicThread] setPlayerPosition (8643,241,9896) player moved
21:24:41.104 [LogicThread] setPlayerPosition (8643,243,9895) player moved
21:24:41.120 [LogicThread] setPlayerPosition (8643,244,9893) player moved
21:24:41.137 [LogicThread] setPlayerPosition (8643,245,9892) player moved
21:24:41.154 [LogicThread] setPlayerPosition (8643,246,9890) player moved
21:24:41.171 [LogicThread] setPlayerPosition (8643,247,9889) player moved
21:24:41.188 [LogicThread] setPlayerPosition (8643,248,9888) player moved
21:24:41.204 [LogicThread] setPlayerPosition (8643,249,9887) player moved
21:24:41.221 [LogicThread] setPlayerPosition (8643,250,9885) player moved
21:24:41.237 [LogicThread] setPlayerPosition (8643,250,9884) player moved
21:24:41.254 [LogicThread] setPlayerPosition (8643,251,9883) player moved
21:24:41.271 [LogicThread] setPlayerPosition (8643,251,9882) player moved
21:24:41.288 [LogicThread] setPlayerPosition (8643,252,9881) player moved
21:24:41.304 [LogicThread] setPlayerPosition (8643,252,9880) player moved
21:24:41.321 [LogicThread] setPlayerPosition (8643,252,9879) player moved
21:24:41.338 [LogicThread] setPlayerPosition (8643,252,9878) player moved
21:24:41.355 [LogicThread] setPlayerPosition (8643,252,9877) player moved
21:24:41.388 [REPEATED x1]
21:24:41.388 [LogicThread] setPlayerPosition (8643,252,9876) player moved
21:24:41.405 [LogicThread] setPlayerPosition (8643,252,9875) player moved
21:24:41.422 [LogicThread] setPlayerPosition (8643,252,9874) player moved
21:24:41.438 [LogicThread] setPlayerPosition (8643,251,9873) player moved
21:24:41.473 [REPEATED x1]
21:24:41.473 [LogicThread] setPlayerPosition (8643,251,9872) player moved
21:24:41.489 [LogicThread] setPlayerPosition (8643,250,9871) player moved
21:24:41.505 [LogicThread] setPlayerPosition (8643,249,9871) player moved
21:24:41.523 [LogicThread] setPlayerPosition (8643,249,9870) player moved
21:24:41.539 [LogicThread] setPlayerPosition (8643,248,9870) player moved
21:24:41.556 [LogicThread] setPlayerPosition (8643,248,9869) player moved
21:24:41.572 [LogicThread] setPlayerPosition (8643,247,9869) player moved
21:24:41.589 [LogicThread] setPlayerPosition (8643,246,9868) player moved
21:24:41.605 [LogicThread] setPlayerPosition (8643,245,9868) player moved
21:24:41.622 [LogicThread] setPlayerPosition (8643,244,9867) player moved
21:24:41.639 [LogicThread] setPlayerPosition (8643,243,9867) player moved
21:24:41.656 [LogicThread] setPlayerPosition (8643,243,9866) player moved
21:24:41.673 [LogicThread] setPlayerPosition (8643,242,9866) player moved
21:24:41.689 [LogicThread] setPlayerPosition (8643,241,9865) player moved
21:24:41.706 [LogicThread] setPlayerPosition (8643,239,9865) player moved
21:24:41.723 [LogicThread] setPlayerPosition (8643,238,9865) player moved
21:24:41.739 [LogicThread] setPlayerPosition (8643,237,9864) player moved
21:24:41.756 [LogicThread] setPlayerPosition (8643,236,9864) player moved
21:24:41.773 [LogicThread] setPlayerPosition (8643,235,9864) player moved
21:24:41.789 [LogicThread] setPlayerPosition (8643,234,9863) player moved
21:24:41.805 [LogicThread] setPlayerPosition (8643,233,9863) player moved
21:24:41.823 [LogicThread] setPlayerPosition (8643,231,9863) player moved
21:24:41.839 [LogicThread] setPlayerPosition (8643,230,9862) player moved
21:24:41.856 [LogicThread] setPlayerPosition (8643,229,9862) player moved
21:24:41.873 [LogicThread] setPlayerPosition (8643,227,9862) player moved
21:24:41.890 [LogicThread] setPlayerPosition (8643,226,9862) player moved
21:24:41.907 [LogicThread] setPlayerPosition (8643,225,9861) player moved
21:24:41.924 [LogicThread] setPlayerPosition (8643,223,9861) player moved
21:24:41.940 [LogicThread] setPlayerPosition (8643,222,9861) player moved
21:24:41.957 [LogicThread] setPlayerPosition (8643,220,9861) player moved
21:24:41.974 [LogicThread] setPlayerPosition (8643,219,9860) player moved
21:24:41.990 [LogicThread] setPlayerPosition (8643,217,9860) player moved
21:24:42.007 [LogicThread] setPlayerPosition (8643,216,9860) player moved
21:24:42.024 [LogicThread] setPlayerPosition (8643,214,9860) player moved
21:24:42.040 [LogicThread] setPlayerPosition (8643,213,9860) player moved
21:24:42.057 [LogicThread] setPlayerPosition (8643,211,9859) player moved
21:24:42.073 [LogicThread] setPlayerPosition (8643,210,9859) player moved
21:24:42.090 [LogicThread] setPlayerPosition (8643,208,9859) player moved
21:24:42.107 [LogicThread] setPlayerPosition (8643,207,9859) player moved
21:24:42.123 [LogicThread] setPlayerPosition (8643,205,9859) player moved
21:24:42.140 [LogicThread] setPlayerPosition (8643,204,9859) player moved
21:24:42.157 [LogicThread] setPlayerPosition (8643,202,9859) player moved
21:24:42.173 [LogicThread] setPlayerPosition (8643,200,9858) player moved
21:24:42.190 [LogicThread] setPlayerPosition (8643,199,9858) player moved
21:24:42.207 [LogicThread] setPlayerPosition (8643,197,9858) player moved
21:24:42.223 [LogicThread] setPlayerPosition (8643,195,9858) player moved
21:24:42.240 [LogicThread] setPlayerPosition (8643,194,9858) player moved
21:24:42.256 [LogicThread] setPlayerPosition (8643,192,9858) player moved
21:24:42.273 [LogicThread] setPlayerPosition (8643,190,9858) player moved
21:24:42.291 [LogicThread] setPlayerPosition (8643,189,9858) player moved
21:24:42.307 [LogicThread] setPlayerPosition (8643,187,9858) player moved
21:24:42.324 [LogicThread] setPlayerPosition (8643,185,9857) player moved
21:24:42.340 [LogicThread] setPlayerPosition (8643,184,9857) player moved
21:24:42.357 [LogicThread] setPlayerPosition (8643,182,9857) player moved
21:24:42.374 [LogicThread] setPlayerPosition (8643,180,9857) player moved
21:24:42.391 [LogicThread] setPlayerPosition (8643,178,9857) player moved
21:24:42.408 [LogicThread] setPlayerPosition (8643,177,9857) player moved
21:24:42.424 [LogicThread] setPlayerPosition (8643,175,9857) player moved
21:24:42.441 [LogicThread] setPlayerPosition (8643,174,9857) player moved
21:24:42.458 [LogicThread] setPlayerPosition (8643,173,9856) player moved
21:24:42.475 [LogicThread] setPlayerPosition (8643,172,9856) player moved
21:24:42.491 [LogicThread] setPlayerPosition (8643,171,9856) player moved
21:24:42.508 [LogicThread] setPlayerPosition (8643,170,9855) player moved
21:24:42.524 [LogicThread] setPlayerPosition (8643,169,9855) player moved
21:24:42.541 [LogicThread] setPlayerPosition (8643,168,9854) player moved
21:24:42.558 [LogicThread] setPlayerPosition (8643,167,9854) player moved
21:24:42.575 [LogicThread] setPlayerPosition (8644,167,9853) player moved
21:24:42.592 [LogicThread] setPlayerPosition (8644,166,9852) player moved
21:24:42.608 [LogicThread] setPlayerPosition (8644,166,9851) player moved
21:24:42.642 [REPEATED x1]
21:24:42.642 [LogicThread] setPlayerPosition (8644,165,9850) player moved
21:24:42.658 [LogicThread] setPlayerPosition (8644,165,9849) player moved
21:24:42.675 [LogicThread] setPlayerPosition (8645,165,9848) player moved
21:24:42.692 [LogicThread] setPlayerPosition (8645,165,9847) player moved
21:24:42.708 [LogicThread] setPlayerPosition (8645,165,9846) player moved
21:24:42.725 [LogicThread] setPlayerPosition (8645,165,9845) player moved
21:24:42.742 [LogicThread] setPlayerPosition (8646,165,9844) player moved
21:24:42.759 [LogicThread] setPlayerPosition (8646,165,9843) player moved
21:24:42.775 [LogicThread] setPlayerPosition (8646,165,9842) player moved
21:24:42.792 [LogicThread] setPlayerPosition (8646,166,9841) player moved
21:24:42.809 [LogicThread] setPlayerPosition (8646,166,9840) player moved
21:24:42.825 [LogicThread] setPlayerPosition (8647,166,9840) player moved
21:24:42.842 [LogicThread] setPlayerPosition (8647,166,9839) player moved
21:24:42.859 [LogicThread] setPlayerPosition (8647,166,9838) player moved
21:24:42.876 [LogicThread] setPlayerPosition (8647,166,9837) player moved
21:24:42.893 [LogicThread] setPlayerPosition (8647,166,9836) player moved
21:24:42.926 [REPEATED x1]
21:24:42.926 [LogicThread] setPlayerPosition (8648,166,9835) player moved
21:24:42.943 [LogicThread] setPlayerPosition (8648,166,9834) player moved
21:24:42.960 [LogicThread] setPlayerPosition (8648,167,9834) player moved
21:24:42.976 [LogicThread] setPlayerPosition (8648,167,9833) player moved
21:24:43.009 [REPEATED x1]
21:24:43.009 [LogicThread] setPlayerPosition (8648,167,9832) player moved
21:24:43.026 [LogicThread] setPlayerPosition (8648,167,9831) player moved
21:24:43.043 [LogicThread] setPlayerPosition (8649,167,9831) player moved
21:24:43.060 [LogicThread] setPlayerPosition (8649,167,9830) player moved
21:24:43.077 [LogicThread] setPlayerPosition (8649,166,9830) player moved
21:24:43.093 [LogicThread] setPlayerPosition (8649,166,9829) player moved
21:24:43.127 [REPEATED x1]
21:24:43.127 [LogicThread] setPlayerPosition (8649,165,9829) player moved
21:24:43.143 [LogicThread] setPlayerPosition (8649,165,9828) player moved
21:24:43.160 [LogicThread] setPlayerPosition (8649,164,9828) player moved
21:24:43.176 [LogicThread] setPlayerPosition (8649,164,9827) player moved
21:24:43.193 [LogicThread] setPlayerPosition (8649,163,9827) player moved
21:24:43.210 [LogicThread] setPlayerPosition (8650,163,9827) player moved
21:24:43.226 [LogicThread] setPlayerPosition (8650,162,9826) player moved
21:24:43.243 [LogicThread] setPlayerPosition (8650,161,9826) player moved
21:24:43.260 [LogicThread] setPlayerPosition (8650,160,9826) player moved
21:24:43.276 [LogicThread] setPlayerPosition (8650,159,9825) player moved
21:24:43.310 [REPEATED x1]
21:24:43.310 [LogicThread] setPlayerPosition (8650,158,9825) player moved
21:24:43.327 [LogicThread] setPlayerPosition (8650,157,9825) player moved
21:24:43.343 [LogicThread] setPlayerPosition (8650,156,9824) player moved
21:24:43.360 [LogicThread] setPlayerPosition (8650,155,9824) player moved
21:24:43.377 [LogicThread] setPlayerPosition (8650,154,9824) player moved
21:24:43.394 [LogicThread] setPlayerPosition (8650,153,9824) player moved
21:24:43.410 [LogicThread] setPlayerPosition (8650,152,9823) player moved
21:24:43.427 [LogicThread] setPlayerPosition (8650,151,9823) player moved
21:24:43.444 [LogicThread] setPlayerPosition (8650,150,9823) player moved
21:24:43.477 [REPEATED x1]
21:24:43.477 [LogicThread] setPlayerPosition (8650,149,9823) player moved
21:24:43.494 [LogicThread] setPlayerPosition (8651,148,9822) player moved
21:24:43.527 [REPEATED x1]
21:24:43.527 [LogicThread] setPlayerPosition (8651,147,9822) player moved
21:24:43.544 [LogicThread] setPlayerPosition (8651,146,9822) player moved
21:24:43.578 [REPEATED x1]
21:24:43.578 [LogicThread] setPlayerPosition (8651,145,9822) player moved
21:24:43.595 [LogicThread] setPlayerPosition (8651,144,9821) player moved
21:24:43.628 [REPEATED x1]
21:24:43.628 [LogicThread] setPlayerPosition (8651,143,9821) player moved
21:24:43.644 [LogicThread] setPlayerPosition (8651,142,9821) player moved
21:24:43.661 [LogicThread] setPlayerPosition (8651,141,9821) player moved
21:24:43.678 [LogicThread] setPlayerPosition (8651,140,9821) player moved
21:24:43.694 [LogicThread] setPlayerPosition (8651,139,9821) player moved
21:24:43.711 [LogicThread] setPlayerPosition (8651,138,9821) player moved
21:24:43.728 [LogicThread] setPlayerPosition (8651,137,9820) player moved
21:24:43.744 [LogicThread] setPlayerPosition (8651,136,9820) player moved
21:24:43.761 [LogicThread] setPlayerPosition (8651,135,9820) player moved
21:24:43.778 [LogicThread] setPlayerPosition (8651,134,9820) player moved
21:24:43.794 [LogicThread] setPlayerPosition (8651,133,9820) player moved
21:24:43.811 [LogicThread] setPlayerPosition (8651,132,9820) player moved
21:24:43.828 [LogicThread] setPlayerPosition (8651,130,9820) player moved
21:24:43.845 [LogicThread] setPlayerPosition (8651,129,9820) player moved
21:24:43.861 [LogicThread] setPlayerPosition (8651,128,9820) player moved
21:24:43.878 [LogicThread] setPlayerPosition (8651,127,9820) player moved
21:24:43.894 [LogicThread] setPlayerPosition (8651,125,9820) player moved
21:24:43.911 [LogicThread] setPlayerPosition (8651,124,9819) player moved
21:24:43.928 [LogicThread] setPlayerPosition (8651,123,9819) player moved
21:24:43.945 [LogicThread] setPlayerPosition (8651,121,9819) player moved
21:24:43.961 [LogicThread] setPlayerPosition (8651,120,9819) player moved
21:24:43.978 [LogicThread] setPlayerPosition (8651,118,9819) player moved
21:24:43.994 [LogicThread] setPlayerPosition (8651,117,9819) player moved
21:24:44.011 [LogicThread] setPlayerPosition (8651,116,9819) player moved
21:24:44.028 [LogicThread] setPlayerPosition (8651,114,9819) player moved
21:24:44.044 [LogicThread] setPlayerPosition (8651,113,9819) player moved
21:24:44.061 [LogicThread] setPlayerPosition (8651,111,9819) player moved
21:24:44.078 [LogicThread] setPlayerPosition (8651,110,9819) player moved
21:24:44.095 [LogicThread] setPlayerPosition (8651,108,9819) player moved
21:24:44.111 [LogicThread] setPlayerPosition (8651,107,9819) player moved
21:24:44.128 [LogicThread] setPlayerPosition (8651,105,9819) player moved
21:24:44.145 [LogicThread] setPlayerPosition (8651,104,9819) player moved
21:24:44.162 [LogicThread] setPlayerPosition (8651,103,9819) player moved
21:24:44.178 [LogicThread] setPlayerPosition (8651,102,9819) player moved
21:24:44.195 [LogicThread] setPlayerPosition (8651,100,9819) player moved
21:24:44.211 [LogicThread] setPlayerPosition (8651,99,9819) player moved
21:24:44.228 [LogicThread] setPlayerPosition (8651,98,9819) player moved
21:24:44.245 [LogicThread] setPlayerPosition (8651,97,9819) player moved
21:24:44.261 [LogicThread] setPlayerPosition (8651,96,9818) player moved
21:24:44.278 [LogicThread] setPlayerPosition (8651,95,9818) player moved
21:24:44.295 [LogicThread] setPlayerPosition (8651,94,9818) player moved
21:24:44.312 [LogicThread] setPlayerPosition (8651,93,9818) player moved
21:24:44.345 [REPEATED x1]
21:24:44.345 [LogicThread] setPlayerPosition (8651,92,9818) player moved
21:24:44.362 [LogicThread] setPlayerPosition (8651,91,9818) player moved
21:24:44.378 [LogicThread] setPlayerPosition (8651,90,9818) player moved
21:24:44.411 [REPEATED x1]
21:24:44.411 [LogicThread] setPlayerPosition (8651,89,9818) player moved
21:24:44.428 [LogicThread] setPlayerPosition (8651,88,9818) player moved
21:24:44.445 [LogicThread] setPlayerPosition (8651,87,9818) player moved
21:24:44.478 [REPEATED x1]
21:24:44.478 [LogicThread] setPlayerPosition (8651,86,9818) player moved
21:24:44.511 [REPEATED x1]
21:24:44.511 [LogicThread] setPlayerPosition (8651,85,9818) player moved
21:24:44.546 [REPEATED x1]
21:24:44.546 [LogicThread] setPlayerPosition (8651,84,9818) player moved
21:24:44.562 [LogicThread] setPlayerPosition (8652,84,9818) player moved
21:24:44.579 [LogicThread] setPlayerPosition (8652,83,9818) player moved
21:24:44.596 [LogicThread] setPlayerPosition (8652,83,9817) player moved
21:24:44.646 [REPEATED x2]
21:24:44.646 [LogicThread] setPlayerPosition (8652,83,9816) player moved
21:24:44.679 [REPEATED x1]
21:24:44.679 [LogicThread] setPlayerPosition (8652,82,9815) player moved
21:24:44.713 [REPEATED x1]
21:24:44.713 [LogicThread] setPlayerPosition (8652,82,9814) player moved
21:24:44.746 [REPEATED x1]
21:24:44.746 [LogicThread] setPlayerPosition (8652,82,9813) player moved
21:24:44.796 [REPEATED x2]
21:24:44.796 [LogicThread] setPlayerPosition (8652,82,9812) player moved
21:24:44.830 [REPEATED x1]
21:24:44.830 [LogicThread] setPlayerPosition (8652,82,9811) player moved
21:24:44.880 [REPEATED x2]
21:24:44.880 [LogicThread] setPlayerPosition (8652,82,9810) player moved
21:24:44.947 [REPEATED x3]
21:24:44.947 [LogicThread] setPlayerPosition (8652,82,9809) player moved
21:24:45.014 [REPEATED x3]
21:24:45.014 [LogicThread] setPlayerPosition (8652,82,9808) player moved
21:24:45.080 [REPEATED x3]
21:24:45.080 [LogicThread] setPlayerPosition (8652,82,9807) player moved
21:24:45.181 [REPEATED x5]
21:24:45.181 [LogicThread] setPlayerPosition (8652,82,9806) player moved
21:24:45.198 [LogicThread] setPlayerPosition (8652,81,9806) player moved
21:24:45.214 [LogicThread] setPlayerPosition (8653,81,9806) player moved
21:24:45.264 [REPEATED x2]
21:24:45.264 [LogicThread] setPlayerPosition (8653,80,9806) player moved
21:24:45.298 [REPEATED x1]
21:24:45.298 [LogicThread] setPlayerPosition (8653,80,9805) player moved
21:24:45.315 [LogicThread] setPlayerPosition (8653,79,9805) player moved
21:24:45.331 [LogicThread] setPlayerPosition (8653,78,9805) player moved
21:24:45.365 [REPEATED x1]
21:24:45.365 [LogicThread] setPlayerPosition (8653,77,9805) player moved
21:24:45.398 [REPEATED x1]
21:24:45.398 [LogicThread] setPlayerPosition (8653,76,9805) player moved
21:24:45.748 [REPEATED x3]
21:24:45.748 [LogicThread] setPlayerPosition (8653,77,9805) player moved
21:24:45.782 [REPEATED x1]
21:24:45.782 [LogicThread] setPlayerPosition (8652,77,9805) player moved
21:24:45.799 [LogicThread] setPlayerPosition (8652,78,9804) player moved
21:24:45.849 [REPEATED x2]
21:24:45.849 [LogicThread] setPlayerPosition (8652,79,9803) player moved
21:24:45.882 [REPEATED x1]
21:24:45.882 [LogicThread] setPlayerPosition (8652,80,9802) player moved
21:24:45.917 [REPEATED x1]
21:24:45.917 [LogicThread] setPlayerPosition (8652,80,9801) player moved
21:24:45.933 [LogicThread] setPlayerPosition (8652,81,9801) player moved
21:24:45.949 [LogicThread] setPlayerPosition (8652,81,9800) player moved
21:24:45.966 [LogicThread] setPlayerPosition (8652,82,9800) player moved
21:24:45.983 [LogicThread] setPlayerPosition (8651,82,9799) player moved
21:24:46.001 [LogicThread] setPlayerPosition (8651,83,9799) player moved
21:24:46.034 [REPEATED x1]
21:24:46.034 [LogicThread] setPlayerPosition (8651,83,9798) player moved
21:24:46.051 [LogicThread] setPlayerPosition (8651,84,9798) player moved
21:24:46.067 [LogicThread] setPlayerPosition (8651,84,9797) player moved
21:24:46.118 [REPEATED x2]
21:24:46.118 [LogicThread] setPlayerPosition (8651,85,9796) player moved
21:24:46.168 [REPEATED x2]
21:24:46.168 [LogicThread] setPlayerPosition (8651,86,9795) player moved
21:24:46.234 [REPEATED x3]
21:24:46.234 [LogicThread] setPlayerPosition (8651,86,9794) player moved
21:24:46.251 [LogicThread] setPlayerPosition (8651,87,9794) player moved
21:24:46.301 [REPEATED x2]
21:24:46.301 [LogicThread] setPlayerPosition (8650,87,9793) player moved
21:24:46.335 [REPEATED x1]
21:24:46.335 [LogicThread] setPlayerPosition (8650,88,9793) player moved
21:24:46.384 [REPEATED x2]
21:24:46.384 [LogicThread] setPlayerPosition (8650,88,9792) player moved
21:24:46.485 [REPEATED x5]
21:24:46.485 [LogicThread] setPlayerPosition (8650,88,9791) player moved
21:24:46.518 [REPEATED x1]
21:24:46.518 [LogicThread] setPlayerPosition (8650,87,9791) player moved
21:24:46.552 [REPEATED x1]
21:24:46.552 [LogicThread] setPlayerPosition (8650,86,9791) player moved
21:24:46.585 [REPEATED x1]
21:24:46.585 [LogicThread] setPlayerPosition (8650,85,9791) player moved
21:24:46.618 [REPEATED x1]
21:24:46.618 [LogicThread] setPlayerPosition (8650,84,9790) player moved
21:24:46.669 [REPEATED x2]
21:24:46.669 [LogicThread] setPlayerPosition (8650,83,9790) player moved
21:24:46.702 [REPEATED x1]
21:24:46.702 [LogicThread] setPlayerPosition (8650,82,9790) player moved
21:24:46.752 [REPEATED x2]
21:24:46.752 [LogicThread] setPlayerPosition (8650,81,9790) player moved
21:24:46.803 [REPEATED x2]
21:24:46.803 [LogicThread] setPlayerPosition (8650,80,9789) player moved
21:24:46.870 [REPEATED x3]
21:24:46.870 [LogicThread] setPlayerPosition (8650,79,9789) player moved
21:24:46.937 [REPEATED x3]
21:24:46.937 [LogicThread] setPlayerPosition (8650,78,9789) player moved
21:24:47.020 [REPEATED x4]
21:24:47.020 [LogicThread] setPlayerPosition (8650,78,9788) player moved
21:24:47.070 [REPEATED x2]
21:24:47.070 [LogicThread] setPlayerPosition (8650,78,9787) player moved
21:24:47.087 [LogicThread] setPlayerPosition (8649,78,9787) player moved
21:24:47.104 [LogicThread] setPlayerPosition (8649,78,9786) player moved
21:24:47.136 [REPEATED x1]
21:24:47.136 [LogicThread] setPlayerPosition (8649,79,9785) player moved
21:24:47.154 [LogicThread] setPlayerPosition (8649,79,9784) player moved
21:24:47.187 [REPEATED x1]
21:24:47.187 [LogicThread] setPlayerPosition (8649,79,9783) player moved
21:24:47.220 [REPEATED x1]
21:24:47.220 [LogicThread] setPlayerPosition (8649,80,9782) player moved
21:24:47.254 [REPEATED x1]
21:24:47.254 [LogicThread] setPlayerPosition (8649,80,9781) player moved
21:24:47.271 [LogicThread] setPlayerPosition (8648,80,9781) player moved
21:24:47.287 [LogicThread] setPlayerPosition (8648,80,9780) player moved
21:24:47.321 [REPEATED x1]
21:24:47.321 [LogicThread] setPlayerPosition (8648,81,9779) player moved
21:24:47.372 [REPEATED x2]
21:24:47.372 [LogicThread] setPlayerPosition (8648,81,9778) player moved
21:24:47.422 [REPEATED x2]
21:24:47.422 [LogicThread] setPlayerPosition (8648,81,9777) player moved
21:24:47.438 [LogicThread] setPlayerPosition (8648,82,9777) player moved
21:24:47.472 [REPEATED x1]
21:24:47.472 [LogicThread] setPlayerPosition (8648,82,9776) player moved
21:24:47.521 [REPEATED x2]
21:24:47.521 [LogicThread] setPlayerPosition (8648,82,9775) player moved
21:24:47.588 [REPEATED x3]
21:24:47.588 [LogicThread] setPlayerPosition (8647,82,9775) player moved
21:24:47.605 [LogicThread] setPlayerPosition (8647,82,9774) player moved
21:24:47.622 [LogicThread] setPlayerPosition (8647,83,9774) player moved
21:24:47.689 [REPEATED x3]
21:24:47.689 [LogicThread] setPlayerPosition (8647,83,9773) player moved
21:24:47.772 [REPEATED x4]
21:24:47.772 [LogicThread] setPlayerPosition (8647,83,9772) player moved
21:24:47.788 [LogicThread] setPlayerPosition (8647,84,9772) player moved
21:24:47.805 [LogicThread] setPlayerPosition (8647,84,9771) player moved
21:24:47.838 [REPEATED x1]
21:24:47.838 [LogicThread] setPlayerPosition (8646,85,9770) player moved
21:24:47.872 [REPEATED x1]
21:24:47.872 [LogicThread] setPlayerPosition (8646,85,9769) player moved
21:24:47.888 [LogicThread] setPlayerPosition (8646,86,9768) player moved
21:24:47.905 [LogicThread] setPlayerPosition (8645,86,9768) player moved
21:24:47.922 [LogicThread] setPlayerPosition (8645,87,9767) player moved
21:24:47.955 [REPEATED x1]
21:24:47.955 [LogicThread] setPlayerPosition (8645,87,9766) player moved
21:24:47.972 [LogicThread] setPlayerPosition (8645,88,9766) player moved
21:24:47.988 [LogicThread] setPlayerPosition (8644,88,9765) player moved
21:24:48.023 [REPEATED x1]
21:24:48.023 [LogicThread] setPlayerPosition (8644,88,9764) player moved
21:24:48.039 [LogicThread] setPlayerPosition (8644,89,9764) player moved
21:24:48.072 [REPEATED x1]
21:24:48.072 [LogicThread] setPlayerPosition (8643,89,9763) player moved
21:24:48.089 [LogicThread] setPlayerPosition (8643,90,9763) player moved
21:24:48.106 [LogicThread] setPlayerPosition (8643,90,9762) player moved
21:24:48.156 [REPEATED x2]
21:24:48.156 [LogicThread] setPlayerPosition (8643,90,9761) player moved
21:24:48.172 [LogicThread] setPlayerPosition (8643,91,9761) player moved
21:24:48.205 [REPEATED x1]
21:24:48.205 [LogicThread] setPlayerPosition (8642,91,9760) player moved
21:24:48.255 [REPEATED x2]
21:24:48.255 [LogicThread] setPlayerPosition (8642,92,9760) player moved
21:24:48.273 [LogicThread] setPlayerPosition (8642,92,9759) player moved
21:24:48.356 [REPEATED x4]
21:24:48.356 [LogicThread] setPlayerPosition (8642,93,9758) player moved
21:24:48.373 [LogicThread] setPlayerPosition (8641,93,9758) player moved
21:24:48.439 [REPEATED x3]
21:24:48.439 [LogicThread] setPlayerPosition (8641,93,9757) player moved
21:24:48.506 [REPEATED x3]
21:24:48.506 [LogicThread] setPlayerPosition (8641,94,9757) player moved
21:24:48.540 [REPEATED x1]
21:24:48.540 [LogicThread] setPlayerPosition (8641,94,9756) player moved
21:24:48.674 [REPEATED x7]
21:24:48.674 [LogicThread] setPlayerPosition (8640,94,9756) player moved
21:24:48.724 [LogicThread] setPlayerPosition (8640,94,9755) player moved
21:24:48.774 [REPEATED x2]
21:24:48.774 [LogicThread] setPlayerPosition (8640,93,9755) player moved
21:24:48.807 [REPEATED x1]
21:24:48.807 [LogicThread] setPlayerPosition (8640,92,9755) player moved
21:24:48.840 [REPEATED x1]
21:24:48.840 [LogicThread] setPlayerPosition (8640,91,9755) player moved
21:24:48.873 [REPEATED x1]
21:24:48.873 [LogicThread] setPlayerPosition (8640,90,9755) player moved
21:24:48.924 [REPEATED x2]
21:24:48.924 [LogicThread] setPlayerPosition (8640,89,9754) player moved
21:24:48.957 [REPEATED x1]
21:24:48.957 [LogicThread] setPlayerPosition (8640,88,9754) player moved
21:24:49.008 [REPEATED x2]
21:24:49.008 [LogicThread] setPlayerPosition (8640,87,9754) player moved
21:24:49.059 [REPEATED x2]
21:24:49.059 [LogicThread] setPlayerPosition (8640,86,9754) player moved
21:24:49.126 [REPEATED x3]
21:24:49.126 [LogicThread] setPlayerPosition (8640,85,9754) player moved
21:24:49.192 [REPEATED x3]
21:24:49.192 [LogicThread] setPlayerPosition (8640,84,9754) player moved
21:24:49.276 [REPEATED x4]
21:24:49.276 [LogicThread] setPlayerPosition (8640,83,9754) player moved
21:24:49.376 [REPEATED x5]
21:24:49.376 [LogicThread] setPlayerPosition (8640,82,9754) player moved
21:24:49.426 [REPEATED x2]
21:24:49.426 [LogicThread] setPlayerPosition (8640,82,9753) player moved
21:24:49.476 [REPEATED x2]
21:24:49.476 [LogicThread] setPlayerPosition (8640,81,9753) player moved
21:24:49.509 [REPEATED x1]
21:24:49.509 [LogicThread] setPlayerPosition (8640,80,9753) player moved
21:24:49.543 [REPEATED x1]
21:24:49.543 [LogicThread] setPlayerPosition (8640,79,9753) player moved
21:24:49.576 [REPEATED x1]
21:24:49.576 [LogicThread] setPlayerPosition (8640,78,9753) player moved
21:24:49.609 [REPEATED x1]
21:24:49.609 [LogicThread] setPlayerPosition (8640,77,9753) player moved
21:24:49.625 [LogicThread] setPlayerPosition (8640,76,9753) player moved
21:24:49.659 [REPEATED x1]
21:24:49.659 [LogicThread] setPlayerPosition (8640,75,9753) player moved
21:24:49.693 [REPEATED x1]
21:24:49.693 [LogicThread] setPlayerPosition (8640,74,9753) player moved
21:24:49.726 [REPEATED x1]
21:24:49.726 [LogicThread] setPlayerPosition (8640,73,9753) player moved
21:24:49.759 [REPEATED x1]
21:24:49.760 [LogicThread] setPlayerPosition (8640,72,9753) player moved
21:24:49.810 [REPEATED x2]
21:24:49.810 [LogicThread] setPlayerPosition (8640,71,9753) player moved
21:24:49.860 [REPEATED x2]
21:24:49.860 [LogicThread] setPlayerPosition (8640,70,9753) player moved
21:24:49.910 [REPEATED x2]
21:24:49.910 [LogicThread] setPlayerPosition (8640,69,9753) player moved
21:24:49.960 [REPEATED x2]
21:24:49.960 [LogicThread] setPlayerPosition (8639,68,9753) player moved
21:24:50.043 [REPEATED x4]
21:24:50.043 [LogicThread] setPlayerPosition (8638,68,9753) player moved
21:24:50.076 [REPEATED x1]
21:24:50.076 [LogicThread] setPlayerPosition (8637,68,9752) player moved
21:24:50.110 [REPEATED x1]
21:24:50.110 [LogicThread] setPlayerPosition (8636,69,9752) player moved
21:24:50.144 [REPEATED x1]
21:24:50.144 [LogicThread] setPlayerPosition (8635,69,9752) player moved
21:24:50.177 [REPEATED x1]
21:24:50.177 [LogicThread] setPlayerPosition (8634,69,9751) player moved
21:24:50.211 [REPEATED x1]
21:24:50.211 [LogicThread] setPlayerPosition (8633,69,9751) player moved
21:24:50.227 [LogicThread] setPlayerPosition (8633,70,9751) player moved
21:24:50.243 [LogicThread] setPlayerPosition (8632,70,9751) player moved
21:24:50.277 [REPEATED x1]
21:24:50.277 [LogicThread] setPlayerPosition (8631,70,9751) player moved
21:24:50.311 [REPEATED x1]
21:24:50.311 [LogicThread] setPlayerPosition (8631,70,9750) player moved
21:24:50.327 [LogicThread] setPlayerPosition (8630,70,9750) player moved
21:24:50.361 [REPEATED x1]
21:24:50.361 [LogicThread] setPlayerPosition (8630,71,9750) player moved
21:24:50.377 [LogicThread] setPlayerPosition (8629,71,9750) player moved
21:24:50.428 [REPEATED x2]
21:24:50.428 [LogicThread] setPlayerPosition (8628,71,9750) player moved
21:24:50.494 [REPEATED x3]
21:24:50.494 [LogicThread] setPlayerPosition (8627,71,9750) player moved
21:24:50.511 [LogicThread] setPlayerPosition (8627,71,9749) player moved
21:24:50.561 [REPEATED x2]
21:24:50.561 [LogicThread] setPlayerPosition (8626,71,9749) player moved
21:24:50.594 [REPEATED x1]
21:24:50.594 [LogicThread] setPlayerPosition (8626,72,9749) player moved
21:24:50.661 [REPEATED x3]
21:24:50.661 [LogicThread] setPlayerPosition (8625,72,9749) player moved
21:24:50.761 [REPEATED x5]
21:24:50.761 [LogicThread] setPlayerPosition (8624,72,9749) player moved
21:24:50.878 [REPEATED x6]
21:24:50.878 [LogicThread] setPlayerPosition (8624,72,9748) player moved
21:24:51.128 [LogicThread] setPlayerPosition (8623,72,9748) player moved
21:24:51.161 [REPEATED x1]
21:24:51.161 [LogicThread] setPlayerPosition (8622,72,9748) player moved
21:24:51.194 [REPEATED x1]
21:24:51.195 [LogicThread] setPlayerPosition (8622,71,9748) player moved
21:24:51.227 [REPEATED x1]
21:24:51.227 [LogicThread] setPlayerPosition (8622,70,9748) player moved
21:24:51.261 [REPEATED x1]
21:24:51.262 [LogicThread] setPlayerPosition (8622,69,9748) player moved
21:24:51.295 [REPEATED x1]
21:24:51.295 [LogicThread] setPlayerPosition (8622,68,9748) player moved
21:24:51.328 [REPEATED x1]
21:24:51.328 [LogicThread] setPlayerPosition (8622,67,9748) player moved
21:24:51.361 [REPEATED x1]
21:24:51.361 [LogicThread] setPlayerPosition (8622,66,9748) player moved
21:24:51.411 [REPEATED x2]
21:24:51.411 [LogicThread] setPlayerPosition (8622,65,9748) player moved
21:24:51.461 [REPEATED x2]
21:24:51.461 [LogicThread] setPlayerPosition (8622,64,9748) player moved
21:24:51.512 [REPEATED x2]
21:24:51.512 [LogicThread] setPlayerPosition (8622,63,9748) player moved
21:24:51.562 [REPEATED x2]
21:24:51.562 [LogicThread] setPlayerPosition (8622,62,9748) player moved
21:24:51.880 [REPEATED x4]
21:24:51.880 [LogicThread] setPlayerPosition (8621,62,9748) player moved
21:24:51.914 [REPEATED x1]
21:24:51.914 [LogicThread] setPlayerPosition (8621,62,9747) player moved
21:24:51.946 [REPEATED x1]
21:24:51.946 [LogicThread] setPlayerPosition (8620,62,9747) player moved
21:24:51.963 [LogicThread] setPlayerPosition (8620,62,9746) player moved
21:24:51.980 [LogicThread] setPlayerPosition (8620,63,9746) player moved
21:24:51.997 [LogicThread] setPlayerPosition (8619,63,9746) player moved
21:24:52.013 [LogicThread] setPlayerPosition (8619,63,9745) player moved
21:24:52.030 [LogicThread] setPlayerPosition (8619,64,9745) player moved
21:24:52.046 [LogicThread] setPlayerPosition (8618,64,9744) player moved
21:24:52.097 [REPEATED x2]
21:24:52.097 [LogicThread] setPlayerPosition (8617,65,9743) player moved
21:24:52.733 [REPEATED x2]
21:24:52.733 [LogicThread] setPlayerPosition (8617,65,9742) player moved
21:24:52.749 [LogicThread] setPlayerPosition (8616,65,9742) player moved
21:24:52.766 [LogicThread] setPlayerPosition (8616,66,9742) player moved
21:24:52.799 [REPEATED x1]
21:24:52.799 [LogicThread] setPlayerPosition (8616,66,9741) player moved
21:24:52.817 [LogicThread] setPlayerPosition (8615,66,9741) player moved
21:24:52.866 [REPEATED x2]
21:24:52.866 [LogicThread] setPlayerPosition (8615,67,9740) player moved
21:24:52.900 [REPEATED x1]
21:24:52.900 [LogicThread] setPlayerPosition (8614,67,9740) player moved
21:24:52.950 [REPEATED x2]
21:24:52.950 [LogicThread] setPlayerPosition (8614,67,9739) player moved
21:24:53.000 [REPEATED x2]
21:24:53.000 [LogicThread] setPlayerPosition (8613,68,9739) player moved
21:24:53.050 [REPEATED x2]
21:24:53.050 [LogicThread] setPlayerPosition (8613,68,9738) player moved
21:24:53.134 [REPEATED x4]
21:24:53.134 [LogicThread] setPlayerPosition (8612,68,9738) player moved
21:24:53.183 [REPEATED x2]
21:24:53.183 [LogicThread] setPlayerPosition (8612,68,9737) player moved
21:24:53.200 [LogicThread] setPlayerPosition (8612,69,9737) player moved
21:24:53.333 [REPEATED x2]
21:24:53.333 [LogicThread] setPlayerPosition (8611,69,9737) player moved
21:24:53.351 [LogicThread] setPlayerPosition (8611,70,9737) player moved
21:24:53.367 [LogicThread] setPlayerPosition (8611,70,9738) player moved
21:24:53.400 [REPEATED x1]
21:24:53.400 [LogicThread] setPlayerPosition (8611,71,9738) player moved
21:24:53.417 [LogicThread] setPlayerPosition (8611,71,9739) player moved
21:24:53.434 [LogicThread] setPlayerPosition (8611,72,9739) player moved
21:24:53.451 [LogicThread] setPlayerPosition (8611,72,9740) player moved
21:24:53.468 [LogicThread] setPlayerPosition (8611,73,9740) player moved
21:24:53.484 [LogicThread] setPlayerPosition (8611,73,9741) player moved
21:24:53.501 [LogicThread] setPlayerPosition (8611,74,9741) player moved
21:24:53.517 [LogicThread] setPlayerPosition (8611,74,9742) player moved
21:24:53.534 [LogicThread] setPlayerPosition (8610,75,9742) player moved
21:24:53.551 [LogicThread] setPlayerPosition (8610,75,9743) player moved
21:24:53.585 [REPEATED x1]
21:24:53.585 [LogicThread] setPlayerPosition (8610,76,9744) player moved
21:24:53.618 [REPEATED x1]
21:24:53.618 [LogicThread] setPlayerPosition (8610,77,9744) player moved
21:24:53.635 [LogicThread] setPlayerPosition (8610,77,9745) player moved
21:24:53.668 [REPEATED x1]
21:24:53.668 [LogicThread] setPlayerPosition (8610,78,9745) player moved
21:24:53.684 [LogicThread] setPlayerPosition (8610,78,9746) player moved
21:24:53.735 [REPEATED x2]
21:24:53.735 [LogicThread] setPlayerPosition (8610,79,9747) player moved
21:24:53.801 [REPEATED x3]
21:24:53.801 [LogicThread] setPlayerPosition (8610,80,9748) player moved
21:24:53.868 [REPEATED x3]
21:24:53.868 [LogicThread] setPlayerPosition (8609,81,9749) player moved
21:24:53.968 [REPEATED x5]
21:24:53.968 [LogicThread] setPlayerPosition (8609,82,9750) player moved
21:24:54.068 [REPEATED x5]
21:24:54.068 [LogicThread] setPlayerPosition (8609,82,9751) player moved
21:24:54.185 [REPEATED x6]
21:24:54.185 [LogicThread] setPlayerPosition (8609,81,9751) player moved
21:24:54.218 [REPEATED x1]
21:24:54.218 [LogicThread] setPlayerPosition (8609,80,9751) player moved
21:24:54.235 [LogicThread] setPlayerPosition (8609,80,9752) player moved
21:24:54.251 [LogicThread] setPlayerPosition (8609,79,9752) player moved
21:24:54.284 [REPEATED x1]
21:24:54.284 [LogicThread] setPlayerPosition (8609,78,9752) player moved
21:24:54.335 [REPEATED x2]
21:24:54.335 [LogicThread] setPlayerPosition (8609,77,9752) player moved
21:24:54.368 [REPEATED x1]
21:24:54.368 [LogicThread] setPlayerPosition (8609,76,9752) player moved
21:24:54.418 [REPEATED x2]
21:24:54.418 [LogicThread] setPlayerPosition (8609,75,9752) player moved
21:24:54.452 [REPEATED x1]
21:24:54.452 [LogicThread] setPlayerPosition (8609,75,9753) player moved
21:24:54.469 [LogicThread] setPlayerPosition (8609,74,9753) player moved
21:24:54.536 [REPEATED x3]
21:24:54.536 [LogicThread] setPlayerPosition (8609,74,9752) player moved
21:24:54.553 [LogicThread] setPlayerPosition (8608,74,9752) player moved
21:24:54.603 [REPEATED x2]
21:24:54.603 [LogicThread] setPlayerPosition (8608,74,9751) player moved
21:24:54.636 [REPEATED x1]
21:24:54.636 [LogicThread] setPlayerPosition (8607,74,9750) player moved
21:24:54.670 [REPEATED x1]
21:24:54.670 [LogicThread] setPlayerPosition (8607,75,9749) player moved
21:24:54.686 [LogicThread] setPlayerPosition (8606,75,9749) player moved
21:24:54.720 [REPEATED x1]
21:24:54.720 [LogicThread] setPlayerPosition (8606,75,9748) player moved
21:24:54.736 [LogicThread] setPlayerPosition (8606,76,9748) player moved
21:24:54.753 [LogicThread] setPlayerPosition (8605,76,9747) player moved
21:24:54.803 [REPEATED x2]
21:24:54.803 [LogicThread] setPlayerPosition (8605,76,9746) player moved
21:24:54.820 [LogicThread] setPlayerPosition (8604,77,9746) player moved
21:24:54.853 [REPEATED x1]
21:24:54.853 [LogicThread] setPlayerPosition (8604,77,9745) player moved
21:24:54.903 [REPEATED x2]
21:24:54.903 [LogicThread] setPlayerPosition (8603,77,9744) player moved
21:24:54.937 [REPEATED x1]
21:24:54.937 [LogicThread] setPlayerPosition (8603,78,9744) player moved
21:24:54.970 [REPEATED x1]
21:24:54.970 [LogicThread] setPlayerPosition (8603,78,9743) player moved
21:24:55.020 [REPEATED x2]
21:24:55.020 [LogicThread] setPlayerPosition (8602,78,9743) player moved
21:24:55.053 [REPEATED x1]
21:24:55.053 [LogicThread] setPlayerPosition (8602,78,9742) player moved
21:24:55.070 [LogicThread] setPlayerPosition (8602,79,9742) player moved
21:24:55.103 [REPEATED x1]
21:24:55.103 [LogicThread] setPlayerPosition (8601,79,9741) player moved
21:24:55.120 [LogicThread] setPlayerPosition (8601,80,9741) player moved
21:24:55.136 [LogicThread] setPlayerPosition (8601,80,9740) player moved
21:24:55.154 [LogicThread] setPlayerPosition (8600,80,9740) player moved
21:24:55.170 [LogicThread] setPlayerPosition (8600,81,9739) player moved
21:24:55.204 [REPEATED x1]
21:24:55.204 [LogicThread] setPlayerPosition (8599,82,9738) player moved
21:24:55.237 [REPEATED x1]
21:24:55.237 [LogicThread] setPlayerPosition (8599,83,9737) player moved
21:24:55.254 [LogicThread] setPlayerPosition (8598,83,9737) player moved
21:24:55.271 [LogicThread] setPlayerPosition (8598,83,9736) player moved
21:24:55.288 [LogicThread] setPlayerPosition (8598,84,9736) player moved
21:24:55.304 [LogicThread] setPlayerPosition (8597,84,9735) player moved
21:24:55.337 [REPEATED x1]
21:24:55.337 [LogicThread] setPlayerPosition (8597,85,9735) player moved
21:24:55.354 [LogicThread] setPlayerPosition (8597,85,9734) player moved
21:24:55.371 [LogicThread] setPlayerPosition (8596,85,9734) player moved
21:24:55.388 [LogicThread] setPlayerPosition (8596,86,9734) player moved
21:24:55.404 [LogicThread] setPlayerPosition (8596,86,9733) player moved
21:24:55.437 [REPEATED x1]
21:24:55.437 [LogicThread] setPlayerPosition (8596,87,9733) player moved
21:24:55.454 [LogicThread] setPlayerPosition (8595,87,9732) player moved
21:24:55.504 [REPEATED x2]
21:24:55.504 [LogicThread] setPlayerPosition (8595,87,9731) player moved
21:24:55.520 [LogicThread] setPlayerPosition (8595,88,9731) player moved
21:24:55.537 [LogicThread] setPlayerPosition (8594,88,9731) player moved
21:24:55.571 [REPEATED x1]
21:24:55.571 [LogicThread] setPlayerPosition (8594,88,9730) player moved
21:24:55.604 [REPEATED x1]
21:24:55.604 [LogicThread] setPlayerPosition (8594,89,9730) player moved
21:24:55.654 [REPEATED x2]
21:24:55.654 [LogicThread] setPlayerPosition (8593,89,9729) player moved
21:24:55.704 [REPEATED x2]
21:24:55.704 [LogicThread] setPlayerPosition (8593,90,9729) player moved
21:24:55.754 [REPEATED x2]
21:24:55.754 [LogicThread] setPlayerPosition (8593,89,9728) player moved
21:24:55.822 [REPEATED x3]
21:24:55.822 [LogicThread] setPlayerPosition (8592,88,9728) player moved
21:24:55.872 [REPEATED x2]
21:24:55.872 [LogicThread] setPlayerPosition (8592,87,9728) player moved
21:24:55.888 [LogicThread] setPlayerPosition (8592,87,9727) player moved
21:24:55.905 [LogicThread] setPlayerPosition (8592,86,9727) player moved
21:24:55.922 [LogicThread] setPlayerPosition (8592,85,9727) player moved
21:24:55.955 [REPEATED x1]
21:24:55.955 [LogicThread] setPlayerPosition (8592,84,9727) player moved
21:24:55.972 [LogicThread] setPlayerPosition (8592,83,9727) player moved
21:24:56.006 [REPEATED x1]
21:24:56.006 [LogicThread] setPlayerPosition (8592,82,9727) player moved
21:24:56.039 [REPEATED x1]
21:24:56.039 [LogicThread] setPlayerPosition (8592,81,9727) player moved
21:24:56.072 [REPEATED x1]
21:24:56.072 [LogicThread] setPlayerPosition (8592,80,9727) player moved
21:24:56.089 [LogicThread] setPlayerPosition (8591,80,9726) player moved
21:24:56.106 [LogicThread] setPlayerPosition (8591,79,9726) player moved
21:24:56.156 [REPEATED x2]
21:24:56.156 [LogicThread] setPlayerPosition (8591,78,9726) player moved
21:24:56.189 [REPEATED x1]
21:24:56.189 [LogicThread] setPlayerPosition (8591,77,9726) player moved
21:24:56.239 [REPEATED x2]
21:24:56.239 [LogicThread] setPlayerPosition (8591,76,9726) player moved
21:24:56.289 [REPEATED x2]
21:24:56.289 [LogicThread] setPlayerPosition (8591,75,9726) player moved
21:24:56.355 [REPEATED x3]
21:24:56.355 [LogicThread] setPlayerPosition (8591,74,9726) player moved
21:24:56.405 [REPEATED x2]
21:24:56.405 [LogicThread] setPlayerPosition (8591,74,9725) player moved
21:24:56.455 [REPEATED x2]
21:24:56.455 [LogicThread] setPlayerPosition (8591,74,9724) player moved
21:24:56.472 [LogicThread] setPlayerPosition (8590,74,9724) player moved
21:24:56.505 [REPEATED x1]
21:24:56.505 [LogicThread] setPlayerPosition (8590,74,9723) player moved
21:24:56.522 [LogicThread] setPlayerPosition (8590,75,9722) player moved
21:24:56.555 [REPEATED x1]
21:24:56.555 [LogicThread] setPlayerPosition (8590,75,9721) player moved
21:24:56.572 [LogicThread] setPlayerPosition (8590,76,9720) player moved
21:24:56.605 [REPEATED x1]
21:24:56.605 [LogicThread] setPlayerPosition (8589,76,9719) player moved
21:24:56.622 [LogicThread] setPlayerPosition (8589,77,9718) player moved
21:24:56.655 [REPEATED x1]
21:24:56.655 [LogicThread] setPlayerPosition (8589,77,9717) player moved
21:24:56.672 [LogicThread] setPlayerPosition (8589,78,9717) player moved
21:24:56.689 [LogicThread] setPlayerPosition (8589,78,9716) player moved
21:24:56.723 [REPEATED x1]
21:24:56.723 [LogicThread] setPlayerPosition (8589,79,9715) player moved
21:24:56.756 [REPEATED x1]
21:24:56.756 [LogicThread] setPlayerPosition (8589,79,9714) player moved
21:24:56.789 [REPEATED x1]
21:24:56.789 [LogicThread] setPlayerPosition (8588,80,9713) player moved
21:24:56.823 [REPEATED x1]
21:24:56.823 [LogicThread] setPlayerPosition (8588,80,9712) player moved
21:24:56.856 [REPEATED x1]
21:24:56.856 [LogicThread] setPlayerPosition (8588,81,9712) player moved
21:24:56.873 [LogicThread] setPlayerPosition (8588,81,9711) player moved
21:24:56.923 [REPEATED x2]
21:24:56.923 [LogicThread] setPlayerPosition (8588,81,9710) player moved
21:24:56.957 [REPEATED x1]
21:24:56.957 [LogicThread] setPlayerPosition (8588,82,9710) player moved
21:24:56.973 [LogicThread] setPlayerPosition (8588,82,9709) player moved
21:24:57.040 [REPEATED x3]
21:24:57.040 [LogicThread] setPlayerPosition (8588,82,9708) player moved
21:24:57.073 [REPEATED x1]
21:24:57.073 [LogicThread] setPlayerPosition (8588,83,9708) player moved
21:24:57.090 [LogicThread] setPlayerPosition (8588,83,9707) player moved
21:24:57.123 [REPEATED x1]
21:24:57.123 [LogicThread] setPlayerPosition (8588,84,9706) player moved
21:24:57.157 [REPEATED x1]
21:24:57.157 [LogicThread] setPlayerPosition (8588,84,9705) player moved
21:24:57.174 [LogicThread] setPlayerPosition (8588,85,9704) player moved
21:24:57.207 [REPEATED x1]
21:24:57.207 [LogicThread] setPlayerPosition (8589,86,9703) player moved
21:24:57.224 [LogicThread] setPlayerPosition (8589,86,9702) player moved
21:24:57.242 [LogicThread] setPlayerPosition (8589,87,9702) player moved
21:24:57.258 [LogicThread] setPlayerPosition (8589,88,9701) player moved
21:24:57.275 [LogicThread] setPlayerPosition (8590,88,9700) player moved
21:24:57.292 [LogicThread] setPlayerPosition (8590,88,9699) player moved
21:24:57.308 [LogicThread] setPlayerPosition (8590,89,9699) player moved
21:24:57.325 [LogicThread] setPlayerPosition (8590,89,9698) player moved
21:24:57.341 [LogicThread] setPlayerPosition (8590,90,9698) player moved
21:24:57.358 [LogicThread] setPlayerPosition (8590,90,9697) player moved
21:24:57.375 [LogicThread] setPlayerPosition (8591,91,9697) player moved
21:24:57.392 [LogicThread] setPlayerPosition (8591,91,9696) player moved
21:24:57.425 [REPEATED x1]
21:24:57.425 [LogicThread] setPlayerPosition (8591,92,9695) player moved
21:24:57.459 [REPEATED x1]
21:24:57.459 [LogicThread] setPlayerPosition (8591,92,9694) player moved
21:24:57.475 [LogicThread] setPlayerPosition (8592,93,9694) player moved
21:24:57.976 [LogicThread] setPlayerPosition (8592,93,9693) player moved
21:24:58.026 [REPEATED x2]
21:24:58.026 [LogicThread] setPlayerPosition (8592,93,9692) player moved
21:24:58.059 [REPEATED x1]
21:24:58.059 [LogicThread] setPlayerPosition (8592,93,9691) player moved
21:24:58.092 [REPEATED x1]
21:24:58.092 [LogicThread] setPlayerPosition (8592,92,9691) player moved
21:24:58.110 [LogicThread] setPlayerPosition (8593,92,9691) player moved
21:24:58.126 [LogicThread] setPlayerPosition (8593,92,9690) player moved
21:24:58.143 [LogicThread] setPlayerPosition (8593,91,9690) player moved
21:24:58.177 [REPEATED x1]
21:24:58.177 [LogicThread] setPlayerPosition (8593,90,9689) player moved
21:24:58.193 [LogicThread] setPlayerPosition (8593,89,9689) player moved
21:24:58.226 [REPEATED x1]
21:24:58.226 [LogicThread] setPlayerPosition (8593,88,9689) player moved
21:24:58.260 [REPEATED x1]
21:24:58.260 [LogicThread] setPlayerPosition (8593,87,9688) player moved
21:24:58.277 [LogicThread] setPlayerPosition (8593,86,9688) player moved
21:24:58.310 [REPEATED x1]
21:24:58.310 [LogicThread] setPlayerPosition (8593,85,9688) player moved
21:24:58.327 [LogicThread] setPlayerPosition (8594,85,9688) player moved
21:24:58.343 [LogicThread] setPlayerPosition (8594,84,9687) player moved
21:24:58.377 [REPEATED x1]
21:24:58.377 [LogicThread] setPlayerPosition (8594,83,9687) player moved
21:24:58.427 [REPEATED x2]
21:24:58.427 [LogicThread] setPlayerPosition (8594,82,9687) player moved
21:24:58.444 [LogicThread] setPlayerPosition (8594,82,9686) player moved
21:24:58.460 [LogicThread] setPlayerPosition (8594,81,9686) player moved
21:24:58.511 [REPEATED x2]
21:24:58.511 [LogicThread] setPlayerPosition (8594,80,9686) player moved
21:24:58.561 [REPEATED x2]
21:24:58.561 [LogicThread] setPlayerPosition (8594,79,9686) player moved
21:24:58.578 [LogicThread] setPlayerPosition (8594,79,9685) player moved
21:24:58.627 [REPEATED x2]
21:24:58.627 [LogicThread] setPlayerPosition (8594,78,9685) player moved
21:24:58.694 [REPEATED x3]
21:24:58.694 [LogicThread] setPlayerPosition (8594,77,9685) player moved
21:24:58.778 [REPEATED x4]
21:24:58.778 [LogicThread] setPlayerPosition (8595,76,9685) player moved
21:24:58.795 [LogicThread] setPlayerPosition (8595,76,9684) player moved
21:24:58.878 [REPEATED x4]
21:24:58.878 [LogicThread] setPlayerPosition (8595,75,9684) player moved
21:24:59.011 [REPEATED x7]
21:24:59.011 [LogicThread] setPlayerPosition (8595,74,9684) player moved
21:25:00.754 [REPEATED x1]
21:25:00.754 [main] === Redstone logger shutting down ===
